Board boot on bench, without MCU installed
'communication from PIC - no response from MCU'
<P00111021110021A0100000010000000000000000000B6>
<P1011102110F008601B31FA000000a00000810260428E>
<P20111021110021F010113000E0015001500150019004B>
<P30111021110021901B4030000B40300000000000000CB>
<P40111021110021E010000000000000000000000000031>
<P5010102010101DB>
<P6010102010203013E>
<P7011102110F008601B31FA0000000000081026046FA>
<P0011102110F008601B31FA000000000008102204610>

Second Boot - No MCU
'immediate output'
<P00111021110021A0100000010000000000000000000B6>
<P1011102110F008601B31FA00000000000810260428E>
<P20111021110021F010113000E0015001500150019004B>
<P30111021110021901B4030000B40300000000000000CB>
<P40111021110021E010000000000000000000000000031>
<P5010102010101DB>
<P6010102010203013E>
<P7011102110F008601B31FA0000000000081026046FA>
<P0011102110F008601B31FA000000000008102204610>
'after a couple minutes, a relay is released'
<P1011102110F008601B31FA00000000000810220442A>
'a couple more seconds'
<P2011102110F008601B31FA00000000000810220442A>
<P80111021110020501020100247259FA41000000000D74>

Single Press "Down" button with everything unplugged
<P10111021110020F00000000000000000000000000001C>

Spamming "Down" Button
<P10111021110020F00000000000000000000000000001C>
<P20111021110020F000000000000000000000000000101>
<P30111021110020F000000000000000000000000000226>
<P40111021110020F00000000000000000000000000033B>
<P50111021110020F000000000000000000000000000468>
<P60111021110020F000000000000000000000000000575>
<P70111021110020F000000000000000000000000000652>
<P00111021110020F00000000000000000000000000074F>
<P10111021110020F0000000000000000000000000008F4>
<P20111021110020F0000000000000000000000000009E9>
<P30111021110020F000000000000000000000000000ACE>
<P40111021110020F000000000000000000000000000BD3>
<P50111021110020F000000000000000000000000000C80>
<P60111021110020F000000000000000000000000000EBA>
<P70111021110020F0000000000000000000000000010D1>
<P00111021110020F0000000000000000000000000012EB>
<P10111021110020F0000000000000000000000000014A5>
<P20111021110020F000000000000000000000000001782>
<P30111021110020F000000000000000000000000001924>
<P40111021110020F000000000000000000000000001C4D>
<P50111021110020F000000000000000000000000001E77>
<P60111021110020F00000000000000000000000000209B>
<P70111021110020F0000000000000000000000000023BC>
<P00111021110020F0000000000000000000000000025F2>
<P10111021110020F0000000000000000000000000027C8>
<P20111021110020F000000000000000000000000002A49>

Power up with MCU installed - Board on bench - output from PIC only
<P00111021110021A0100000010000000000000000000B6>
<P1011102110F008601B31FA00000000000810260428E>
<P20111021110021F010113000E0015001500150019004B>
<P30111021110021901B4030000B40300000000000000CB>
<P40111021110021E010000000000000000000000000031>
<P5010102010101DB>
<P6010102010203013E>
<P7011102110F008601B31FA0000000000081026046FA>
<P0011102110F008601B31FA000000000008102204610>

### Installed completed board back in the housing.

;command open from wall button

<P80111021110020501020100247259FA41000000000D74><P10111021110020501020100247259FA41000000000D74><P10111021110020501020100247259FA41000000000D74>

;slight delay. Maybe a reply?

<P2011102110F008601B31FA00000000000810460428B><P2011102110F008601B31FA00000000000810460428B><P2011102110F008601B31FA00000000000810460428B>

;door finished opening

<P3011102110F008601B31FA000000000008101604202><P3011102110F008601B31FA000000000008101604202><P3011102110F008601B31FA000000000008101604202>

;another slight delay, 500msec

<P40111021110021E010000000000000000000000000031><P40111021110021E010000000000000000000000000031><P40111021110021E010000000000000000000000000031>

<P50111021110021F01000E001600170015001A0015003A><P50111021110021F01000E001600170015001A0015003A><P50111021110021F01000E001600170015001A0015003A>

;command close from wall button

<P60111021110020501020100247259FA41000000000E53><P60111021110020501020100247259FA41000000000E53><P60111021110020501020100247259FA41000000000E53>

<P7011102110F008601B31FA000000000008105604204><P7011102110F008601B31FA000000000008105604204><P7011102110F008601B31FA000000000008105604204>

;finished closing

<P0011102110F008601B31FA00000000000810260428E><P0011102110F008601B31FA00000000000810260428E><P0011102110F008601B31FA00000000000810260428E>

<P10111021110021F010113000E0015001500150019004B><P10111021110021F010113000E0015001500150019004B><P10111021110021F010113000E0015001500150019004B>

<P20111021110021901BF030000BF030000000000000014><P20111021110021901BF030000BF030000000000000014><P20111021110021901BF030000BF030000000000000014>

<P30111021110021E010000000000000000000000000031><P30111021110021E010000000000000000000000000031><P30111021110021E010000000000000000000000000031>


## From here on is just a log of status messages. I haven't operated the door, nor have I sent any commands over UART.
<P1011102110F008601B31FA0000000000081026040B4><P1011102110F008601B31FA0000000000081026040B4><P1011102110F008601B31FA0000000000081026040B4>
<P2011102110F008601B31FA0000000000081026040B4><P2011102110F008601B31FA0000000000081026040B4><P2011102110F008601B31FA0000000000081026040B4>
<P3011102110F008601B31FA0000000000081026040B4><P3011102110F008601B31FA0000000000081026040B4><P3011102110F008601B31FA0000000000081026040B4>
<P4011102110F008601B31FA0000000000081026040B4><P4011102110F008601B31FA0000000000081026040B4><P4011102110F008601B31FA0000000000081026040B4>
<P5011102110F008601B31FA0000000000081026040B4><P5011102110F008601B31FA0000000000081026040B4><P5011102110F008601B31FA0000000000081026040B4>
<P6011102110F008601B31FA0000000000081026040B4><P6011102110F008601B31FA0000000000081026040B4><P6011102110F008601B31FA0000000000081026040B4>
<P7011102110F008601B31FA0000000000081026040B4><P7011102110F008601B31FA0000000000081026040B4><P7011102110F008601B31FA0000000000081026040B4>
<P0011102110F008601B31FA0000000000081026040B4><P0011102110F008601B31FA0000000000081026040B4><P0011102110F008601B31FA0000000000081026040B4>
<P1011102110F008601B31FA0000000000081026040B4><P1011102110F008601B31FA0000000000081026040B4><P1011102110F008601B31FA0000000000081026040B4>
<P2011102110F008601B31FA0000000000081026040B4><P2011102110F008601B31FA0000000000081026040B4><P2011102110F008601B31FA0000000000081026040B4>
<P3011102110F008601B31FA0000000000081026040B4><P3011102110F008601B31FA0000000000081026040B4><P3011102110F008601B31FA0000000000081026040B4>
<P4011102110F008601B31FA0000000000081026040B4><P4011102110F008601B31FA0000000000081026040B4><P4011102110F008601B31FA0000000000081026040B4>
<P5011102110F008601B31FA0000000000081026040B4><P5011102110F008601B31FA0000000000081026040B4><P5011102110F008601B31FA0000000000081026040B4>
<P6011102110F008601B31FA0000000000081026040B4><P6011102110F008601B31FA0000000000081026040B4><P6011102110F008601B31FA0000000000081026040B4>
<P7011102110F008601B31FA0000000000081026040B4><P7011102110F008601B31FA0000000000081026040B4><P7011102110F008601B31FA0000000000081026040B4>
<P0011102110F008601B31FA0000000000081026040B4><P0011102110F008601B31FA0000000000081026040B4><P0011102110F008601B31FA0000000000081026040B4>
<P1011102110F008601B31FA0000000000081026040B4><P1011102110F008601B31FA0000000000081026040B4><P1011102110F008601B31FA0000000000081026040B4>
<P2011102110F008601B31FA0000000000081026040B4><P2011102110F008601B31FA0000000000081026040B4><P2011102110F008601B31FA0000000000081026040B4>
<P3011102110F008601B31FA0000000000081026040B4><P3011102110F008601B31FA0000000000081026040B4><P3011102110F008601B31FA0000000000081026040B4>
<P4011102110F008601B31FA0000000000081026040B4><P4011102110F008601B31FA0000000000081026040B4><P4011102110F008601B31FA0000000000081026040B4>
<P5011102110F008601B31FA0000000000081026040B4><P5011102110F008601B31FA0000000000081026040B4><P5011102110F008601B31FA0000000000081026040B4>
<P6011102110F008601B31FA0000000000081026040B4><P6011102110F008601B31FA0000000000081026040B4><P6011102110F008601B31FA0000000000081026040B4>
<P7011102110F008601B31FA0000000000081026040B4><P7011102110F008601B31FA0000000000081026040B4><P7011102110F008601B31FA0000000000081026040B4>
<P0011102110F008601B31FA0000000000081026040B4><P0011102110F008601B31FA0000000000081026040B4><P0011102110F008601B31FA0000000000081026040B4>
<P1011102110F008601B31FA0000000000081026040B4><P1011102110F008601B31FA0000000000081026040B4><P1011102110F008601B31FA0000000000081026040B4>
<P2011102110F008601B31FA0000000000081026040B4><P2011102110F008601B31FA0000000000081026040B4><P2011102110F008601B31FA0000000000081026040B4>
<P3011102110F008601B31FA0000000000081026040B4><P3011102110F008601B31FA0000000000081026040B4><P3011102110F008601B31FA0000000000081026040B4>
<P4011102110F008601B31FA0000000000081026040B4><P4011102110F008601B31FA0000000000081026040B4><P4011102110F008601B31FA0000000000081026040B4>
<P5011102110F008601B31FA0000000000081026040B4><P5011102110F008601B31FA0000000000081026040B4><P5011102110F008601B31FA0000000000081026040B4>
<P6011102110F008601B31FA0000000000081026040B4><P6011102110F008601B31FA0000000000081026040B4><P6011102110F008601B31FA0000000000081026040B4>
<P7011102110F008601B31FA0000000000081026040B4><P7011102110F008601B31FA0000000000081026040B4><P7011102110F008601B31FA0000000000081026040B4>
<P0011102110F008601B31FA0000000000081026040B4><P0011102110F008601B31FA0000000000081026040B4><P0011102110F008601B31FA0000000000081026040B4>
<P1011102110F008601B31FA0000000000081026040B4><P1011102110F008601B31FA0000000000081026040B4><P1011102110F008601B31FA0000000000081026040B4>
<P2011102110F008601B31FA0000000000081026040B4><P2011102110F008601B31FA0000000000081026040B4><P2011102110F008601B31FA0000000000081026040B4>
<P3011102110F008601B31FA0000000000081026040B4><P3011102110F008601B31FA0000000000081026040B4><P3011102110F008601B31FA0000000000081026040B4>
<P4011102110F008601B31FA0000000000081026040B4><P4011102110F008601B31FA0000000000081026040B4><P4011102110F008601B31FA0000000000081026040B4>
<P5011102110F008601B31FA0000000000081026040B4><P5011102110F008601B31FA0000000000081026040B4><P5011102110F008601B31FA0000000000081026040B4>
<P6011102110F008601B31FA0000000000081026040B4><P6011102110F008601B31FA0000000000081026040B4><P6011102110F008601B31FA0000000000081026040B4>
<P7011102110F008601B31FA0000000000081026040B4><P7011102110F008601B31FA0000000000081026040B4><P7011102110F008601B31FA0000000000081026040B4>
<P0011102110F008601B31FA0000000000081026040B4><P0011102110F008601B31FA0000000000081026040B4><P0011102110F008601B31FA0000000000081026040B4>
<P1011102110F008601B31FA0000000000081026040B4><P1011102110F008601B31FA0000000000081026040B4><P1011102110F008601B31FA0000000000081026040B4>
<P2011102110F008601B31FA0000000000081026040B4><P2011102110F008601B31FA0000000000081026040B4><P2011102110F008601B31FA0000000000081026040B4>
<P3011102110F008601B31FA0000000000081026040B4><P3011102110F008601B31FA0000000000081026040B4><P3011102110F008601B31FA0000000000081026040B4>
<P4011102110F008601B31FA0000000000081026040B4><P4011102110F008601B31FA0000000000081026040B4><P4011102110F008601B31FA0000000000081026040B4>
<P5011102110F008601B31FA0000000000081026040B4><P5011102110F008601B31FA0000000000081026040B^C<P6011102110F008601B31FA0000000000081026040B4>
<P6011102110F008601B31FA0000000000081026040B4><P6011102110F008601B31FA0000000000081026040B4><P7011102110F008601B31FA0000000000081026040B4>
<P7011102110F008601B31FA0000000000081026040B4><P7011102110F008601B31FA0000000000081026040B4><P0011102110F008601B31FA0000000000081026040B4>
<P0011102110F008601B31FA0000000000081026040B4><P0011102110F008601B31FA0000000000081026040B4>
